# JRE version: Java(TM) SE Runtime Environment (8.0_151-b12) (build 1.8.0_151-b12)
# Java VM: Java HotSpot(TM) 64-Bit Server VM (25.151-b12 mixed mode windows-amd64 compressed oops)
Heap:
 PSYoungGen      total 571392K, used 120504K [0x0000000795d80000, 0x00000007bff00000, 0x00000007c0000000)
  eden space 522752K, 23% used [0x0000000795d80000,0x000000079d32e128,0x00000007b5c00000)
  from space 48640K, 0% used [0x00000007b5c00000,0x00000007b5c00000,0x00000007b8b80000)
  to   space 83456K, 0% used [0x00000007bad80000,0x00000007bad80000,0x00000007bff00000)
 ParOldGen       total 357376K, used 159560K [0x0000000741800000, 0x0000000757500000, 0x0000000795d80000)
  object space 357376K, 44% used [0x0000000741800000,0x000000074b3d2190,0x0000000757500000)
 Metaspace       used 154183K, capacity 166866K, committed 167104K, reserved 1196032K
  class space    used 17341K, capacity 19670K, committed 19712K, reserved 1048576K
GC Heap History (10 events):
Event: 37.866 GC heap before
{Heap before GC invocations=28 (full 4):
 PSYoungGen      total 622080K, used 622076K [0x0000000795d80000, 0x00000007c0000000, 0x00000007c0000000)
  eden space 553472K, 100% used [0x0000000795d80000,0x00000007b7a00000,0x00000007b7a00000)
  from space 68608K, 99% used [0x00000007b7a00000,0x00000007bbcff020,0x00000007bbd00000)
  to   space 68608K, 0% used [0x00000007bbd00000,0x00000007bbd00000,0x00000007c0000000)
 ParOldGen       total 246784K, used 127843K [0x0000000741800000, 0x0000000750900000, 0x0000000795d80000)
  object space 246784K, 51% used [0x0000000741800000,0x00000007494d8dd8,0x0000000750900000)
 Metaspace       used 131944K, capacity 137512K, committed 137792K, reserved 1171456K
  class space    used 14508K, capacity 15691K, committed 15744K, reserved 1048576K
Event: 37.963 GC heap after
Heap after GC invocations=28 (full 4):
 PSYoungGen      total 591360K, used 55262K [0x0000000795d80000, 0x00000007c0000000, 0x00000007c0000000)
  eden space 522752K, 0% used [0x0000000795d80000,0x0000000795d80000,0x00000007b5c00000)
  from space 68608K, 80% used [0x00000007bbd00000,0x00000007bf2f7bf8,0x00000007c0000000)
  to   space 83968K, 0% used [0x00000007b5c00000,0x00000007b5c00000,0x00000007bae00000)
 ParOldGen       total 246784K, used 163112K [0x0000000741800000, 0x0000000750900000, 0x0000000795d80000)
  object space 246784K, 66% used [0x0000000741800000,0x000000074b74a350,0x0000000750900000)
 Metaspace       used 131944K, capacity 137512K, committed 137792K, reserved 1171456K
  class space    used 14508K, capacity 15691K, committed 15744K, reserved 1048576K
}
Event: 41.262 GC heap before
{Heap before GC invocations=29 (full 4):
 PSYoungGen      total 591360K, used 578014K [0x0000000795d80000, 0x00000007c0000000, 0x00000007c0000000)
  eden space 522752K, 100% used [0x0000000795d80000,0x00000007b5c00000,0x00000007b5c00000)
  from space 68608K, 80% used [0x00000007bbd00000,0x00000007bf2f7bf8,0x00000007c0000000)
  to   space 83968K, 0% used [0x00000007b5c00000,0x00000007b5c00000,0x00000007bae00000)
 ParOldGen       total 246784K, used 163112K [0x0000000741800000, 0x0000000750900000, 0x0000000795d80000)
  object space 246784K, 66% used [0x0000000741800000,0x000000074b74a350,0x0000000750900000)
 Metaspace       used 134852K, capacity 140434K, committed 140736K, reserved 1173504K
  class space    used 14802K, capacity 16002K, committed 16128K, reserved 1048576K
Event: 41.298 GC heap after
Heap after GC invocations=29 (full 4):
 PSYoungGen      total 606720K, used 48619K [0x0000000795d80000, 0x00000007c0000000, 0x00000007c0000000)
  eden space 522752K, 0% used [0x0000000795d80000,0x0000000795d80000,0x00000007b5c00000)
  from space 83968K, 57% used [0x00000007b5c00000,0x00000007b8b7acc0,0x00000007bae00000)
  to   space 83968K, 0% used [0x00000007bae00000,0x00000007bae00000,0x00000007c0000000)
 ParOldGen       total 246784K, used 163120K [0x0000000741800000, 0x0000000750900000, 0x0000000795d80000)
  object space 246784K, 66% used [0x0000000741800000,0x000000074b74c350,0x0000000750900000)
 Metaspace       used 134852K, capacity 140434K, committed 140736K, reserved 1173504K
  class space    used 14802K, capacity 16002K, committed 16128K, reserved 1048576K
}
Event: 1371.504 GC heap before
{Heap before GC invocations=30 (full 4):
 PSYoungGen      total 606720K, used 571371K [0x0000000795d80000, 0x00000007c0000000, 0x00000007c0000000)
  eden space 522752K, 100% used [0x0000000795d80000,0x00000007b5c00000,0x00000007b5c00000)
  from space 83968K, 57% used [0x00000007b5c00000,0x00000007b8b7acc0,0x00000007bae00000)
  to   space 83968K, 0% used [0x00000007bae00000,0x00000007bae00000,0x00000007c0000000)
 ParOldGen       total 246784K, used 163120K [0x0000000741800000, 0x0000000750900000, 0x0000000795d80000)
  object space 246784K, 66% used [0x0000000741800000,0x000000074b74c350,0x0000000750900000)
 Metaspace       used 143593K, capacity 150388K, committed 150592K, reserved 1183744K
  class space    used 15821K, capacity 17245K, committed 17280K, reserved 1048576K
Event: 1371.625 GC heap after
Heap after GC invocations=30 (full 4):
 PSYoungGen      total 606720K, used 48972K [0x0000000795d80000, 0x00000007c0000000, 0x00000007c0000000)
  eden space 522752K, 0% used [0x0000000795d80000,0x0000000795d80000,0x00000007b5c00000)
  from space 83968K, 58% used [0x00000007bae00000,0x00000007bddd3158,0x00000007c0000000)
  to   space 83968K, 0% used [0x00000007b5c00000,0x00000007b5c00000,0x00000007bae00000)
 ParOldGen       total 246784K, used 163128K [0x0000000741800000, 0x0000000750900000, 0x0000000795d80000)
  object space 246784K, 66% used [0x0000000741800000,0x000000074b74e350,0x0000000750900000)
 Metaspace       used 143593K, capacity 150388K, committed 150592K, reserved 1183744K
  class space    used 15821K, capacity 17245K, committed 17280K, reserved 1048576K
}
Event: 1395.213 GC heap before
{Heap before GC invocations=31 (full 4):
 PSYoungGen      total 606720K, used 322378K [0x0000000795d80000, 0x00000007c0000000, 0x00000007c0000000)
  eden space 522752K, 52% used [0x0000000795d80000,0x00000007a687f968,0x00000007b5c00000)
  from space 83968K, 58% used [0x00000007bae00000,0x00000007bddd3158,0x00000007c0000000)
  to   space 83968K, 0% used [0x00000007b5c00000,0x00000007b5c00000,0x00000007bae00000)
 ParOldGen       total 246784K, used 163128K [0x0000000741800000, 0x0000000750900000, 0x0000000795d80000)
  object space 246784K, 66% used [0x0000000741800000,0x000000074b74e350,0x0000000750900000)
 Metaspace       used 151867K, capacity 164144K, committed 164160K, reserved 1193984K
  class space    used 17091K, capacity 19315K, committed 19328K, reserved 1048576K
Event: 1395.266 GC heap after
Heap after GC invocations=31 (full 4):
 PSYoungGen      total 571392K, used 48630K [0x0000000795d80000, 0x00000007bff00000, 0x00000007c0000000)
  eden space 522752K, 0% used [0x0000000795d80000,0x0000000795d80000,0x00000007b5c00000)
  from space 48640K, 99% used [0x00000007b5c00000,0x00000007b8b7d9d8,0x00000007b8b80000)
  to   space 83456K, 0% used [0x00000007bad80000,0x00000007bad80000,0x00000007bff00000)
 ParOldGen       total 246784K, used 163136K [0x0000000741800000, 0x0000000750900000, 0x0000000795d80000)
  object space 246784K, 66% used [0x0000000741800000,0x000000074b750350,0x0000000750900000)
 Metaspace       used 151867K, capacity 164144K, committed 164160K, reserved 1193984K
  class space    used 17091K, capacity 19315K, committed 19328K, reserved 1048576K
}
Event: 1395.266 GC heap before
{Heap before GC invocations=32 (full 5):
 PSYoungGen      total 571392K, used 48630K [0x0000000795d80000, 0x00000007bff00000, 0x00000007c0000000)
  eden space 522752K, 0% used [0x0000000795d80000,0x0000000795d80000,0x00000007b5c00000)
  from space 48640K, 99% used [0x00000007b5c00000,0x00000007b8b7d9d8,0x00000007b8b80000)
  to   space 83456K, 0% used [0x00000007bad80000,0x00000007bad80000,0x00000007bff00000)
 ParOldGen       total 246784K, used 163136K [0x0000000741800000, 0x0000000750900000, 0x0000000795d80000)
  object space 246784K, 66% used [0x0000000741800000,0x000000074b750350,0x0000000750900000)
 Metaspace       used 151867K, capacity 164144K, committed 164160K, reserved 1193984K
  class space    used 17091K, capacity 19315K, committed 19328K, reserved 1048576K
Event: 1395.805 GC heap after
Heap after GC invocations=32 (full 5):
 PSYoungGen      total 571392K, used 0K [0x0000000795d80000, 0x00000007bff00000, 0x00000007c0000000)
  eden space 522752K, 0% used [0x0000000795d80000,0x0000000795d80000,0x00000007b5c00000)
  from space 48640K, 0% used [0x00000007b5c00000,0x00000007b5c00000,0x00000007b8b80000)
  to   space 83456K, 0% used [0x00000007bad80000,0x00000007bad80000,0x00000007bff00000)
 ParOldGen       total 357376K, used 159560K [0x0000000741800000, 0x0000000757500000, 0x0000000795d80000)
  object space 357376K, 44% used [0x0000000741800000,0x000000074b3d2190,0x0000000757500000)
 Metaspace       used 149202K, capacity 159266K, committed 164160K, reserved 1193984K
  class space    used 16639K, capacity 18500K, committed 19328K, reserved 1048576K
}

